<?xml version="1.0" encoding="UTF-8"?>
<testng-results ignored="0" total="2" passed="2" failed="0" skipped="0">
  <reporter-output>
  </reporter-output>
  <suite started-at="2020-09-10T00:43:00 IST" name="Suite" finished-at="2020-09-10T00:43:20 IST" duration-ms="20066">
    <groups>
    </groups>
    <test started-at="2020-09-10T00:43:00 IST" name="Test" finished-at="2020-09-10T00:43:20 IST" duration-ms="20066">
      <class name="Practice.E2EPractice3.HomePageNavigation">
        <test-method is-config="true" signature="initialise()[pri:0, instance:Practice.E2EPractice3.HomePageNavigation@422c3c7a]" started-at="2020-09-10T00:43:00 IST" name="initialise" finished-at="2020-09-10T00:43:04 IST" duration-ms="3698" status="PASS">
          <reporter-output>
          </reporter-output>
        </test-method> <!-- initialise -->
        <test-method signature="navigateHomePage(java.lang.String, java.lang.String, java.lang.String)[pri:0, instance:Practice.E2EPractice3.HomePageNavigation@422c3c7a]" started-at="2020-09-10T00:43:04 IST" name="navigateHomePage" data-provider="getData" finished-at="2020-09-10T00:43:15 IST" duration-ms="11134" status="PASS">
          <params>
            <param index="0">
              <value>
                <![CDATA[ABC]]>
              </value>
            </param>
            <param index="1">
              <value>
                <![CDATA[123]]>
              </value>
            </param>
            <param index="2">
              <value>
                <![CDATA[1st data set passed]]>
              </value>
            </param>
          </params>
          <reporter-output>
          </reporter-output>
        </test-method> <!-- navigateHomePage -->
        <test-method signature="navigateHomePage(java.lang.String, java.lang.String, java.lang.String)[pri:0, instance:Practice.E2EPractice3.HomePageNavigation@422c3c7a]" started-at="2020-09-10T00:43:16 IST" name="navigateHomePage" data-provider="getData" finished-at="2020-09-10T00:43:19 IST" duration-ms="3381" status="PASS">
          <params>
            <param index="0">
              <value>
                <![CDATA[XYZ]]>
              </value>
            </param>
            <param index="1">
              <value>
                <![CDATA[567]]>
              </value>
            </param>
            <param index="2">
              <value>
                <![CDATA[2nd data set passed]]>
              </value>
            </param>
          </params>
          <reporter-output>
          </reporter-output>
        </test-method> <!-- navigateHomePage -->
        <test-method is-config="true" signature="close()[pri:0, instance:Practice.E2EPractice3.HomePageNavigation@422c3c7a]" started-at="2020-09-10T00:43:20 IST" name="close" finished-at="2020-09-10T00:43:20 IST" duration-ms="51" status="PASS">
          <reporter-output>
          </reporter-output>
        </test-method> <!-- close -->
      </class> <!-- Practice.E2EPractice3.HomePageNavigation -->
    </test> <!-- Test -->
  </suite> <!-- Suite -->
</testng-results>
