<?xml version="1.0" encoding="UTF-8"?>
<testng-results ignored="0" total="2" passed="2" failed="0" skipped="0">
  <reporter-output>
  </reporter-output>
  <suite started-at="2020-09-09T20:48:23 IST" name="Suite" finished-at="2020-09-09T20:48:43 IST" duration-ms="20355">
    <groups>
    </groups>
    <test started-at="2020-09-09T20:48:23 IST" name="Test" finished-at="2020-09-09T20:48:43 IST" duration-ms="20355">
      <class name="Practice.E2EPractice3.HomePageNavigation">
        <test-method is-config="true" signature="initialise()[pri:0, instance:Practice.E2EPractice3.HomePageNavigation@1252b961]" started-at="2020-09-09T20:48:23 IST" name="initialise" finished-at="2020-09-09T20:48:26 IST" duration-ms="3366" status="PASS">
          <reporter-output>
          </reporter-output>
        </test-method> <!-- initialise -->
        <test-method signature="navigateHomePage(java.lang.String, java.lang.String, java.lang.String)[pri:0, instance:Practice.E2EPractice3.HomePageNavigation@1252b961]" started-at="2020-09-09T20:48:26 IST" name="navigateHomePage" data-provider="getData" finished-at="2020-09-09T20:48:39 IST" duration-ms="12991" status="PASS">
          <params>
            <param index="0">
              <value>
                <![CDATA[ABC]]>
              </value>
            </param>
            <param index="1">
              <value>
                <![CDATA[123]]>
              </value>
            </param>
            <param index="2">
              <value>
                <![CDATA[1st data set passed]]>
              </value>
            </param>
          </params>
          <reporter-output>
          </reporter-output>
        </test-method> <!-- navigateHomePage -->
        <test-method signature="navigateHomePage(java.lang.String, java.lang.String, java.lang.String)[pri:0, instance:Practice.E2EPractice3.HomePageNavigation@1252b961]" started-at="2020-09-09T20:48:40 IST" name="navigateHomePage" data-provider="getData" finished-at="2020-09-09T20:48:42 IST" duration-ms="2653" status="PASS">
          <params>
            <param index="0">
              <value>
                <![CDATA[XYZ]]>
              </value>
            </param>
            <param index="1">
              <value>
                <![CDATA[567]]>
              </value>
            </param>
            <param index="2">
              <value>
                <![CDATA[2nd data set passed]]>
              </value>
            </param>
          </params>
          <reporter-output>
          </reporter-output>
        </test-method> <!-- navigateHomePage -->
        <test-method is-config="true" signature="close()[pri:0, instance:Practice.E2EPractice3.HomePageNavigation@1252b961]" started-at="2020-09-09T20:48:43 IST" name="close" finished-at="2020-09-09T20:48:43 IST" duration-ms="26" status="PASS">
          <reporter-output>
          </reporter-output>
        </test-method> <!-- close -->
      </class> <!-- Practice.E2EPractice3.HomePageNavigation -->
    </test> <!-- Test -->
  </suite> <!-- Suite -->
</testng-results>
